Using pre-set license
Built from '2022.3/release' branch; Version is '2022.3.20f1 (61c2feb0970d) revision 6406910'; Using compiler version '192829333'; Build Type 'Release'
OS: 'Windows 10  (10.0.19045) 64bit Core' Language: 'en' Physical Memory: 16197 MB
BatchMode: 1, IsHumanControllingUs: 0, StartBugReporterOnCrash: 0, Is64bit: 1, IsPro: 1

COMMAND LINE ARGUMENTS:
D:\Unity\2022.3.20f1\Editor\Unity.exe
-adb2
-batchMode
-noUpm
-name
AssetImportWorker0
-projectPath
D:/เก็บงาน/project_2D_final/229f-running-to-the-moon-escapefromdungeon/final2D_escapeformdungeon
-logFile
Logs/AssetImportWorker0.log
-srvPort
59452
Successfully changed project path to: D:/เก็บงาน/project_2D_final/229f-running-to-the-moon-escapefromdungeon/final2D_escapeformdungeon
D:/เก็บงาน/project_2D_final/229f-running-to-the-moon-escapefromdungeon/final2D_escapeformdungeon
[UnityMemory] Configuration Parameters - Can be set up in boot.config
    "memorysetup-bucket-allocator-granularity=16"
    "memorysetup-bucket-allocator-bucket-count=8"
    "memorysetup-bucket-allocator-block-size=33554432"
    "memorysetup-bucket-allocator-block-count=8"
    "memorysetup-main-allocator-block-size=16777216"
    "memorysetup-thread-allocator-block-size=16777216"
    "memorysetup-gfx-main-allocator-block-size=16777216"
    "memorysetup-gfx-thread-allocator-block-size=16777216"
    "memorysetup-cache-allocator-block-size=4194304"
    "memorysetup-typetree-allocator-block-size=2097152"
    "memorysetup-profiler-bucket-allocator-granularity=16"
    "memorysetup-profiler-bucket-allocator-bucket-count=8"
    "memorysetup-profiler-bucket-allocator-block-size=33554432"
    "memorysetup-profiler-bucket-allocator-block-count=8"
    "memorysetup-profiler-allocator-block-size=16777216"
    "memorysetup-profiler-editor-allocator-block-size=1048576"
    "memorysetup-temp-allocator-size-main=16777216"
    "memorysetup-job-temp-allocator-block-size=2097152"
    "memorysetup-job-temp-allocator-block-size-background=1048576"
    "memorysetup-job-temp-allocator-reduction-small-platforms=262144"
    "memorysetup-allocator-temp-initial-block-size-main=262144"
    "memorysetup-allocator-temp-initial-block-size-worker=262144"
    "memorysetup-temp-allocator-size-background-worker=32768"
    "memorysetup-temp-allocator-size-job-worker=262144"
    "memorysetup-temp-allocator-size-preload-manager=33554432"
    "memorysetup-temp-allocator-size-nav-mesh-worker=65536"
    "memorysetup-temp-allocator-size-audio-worker=65536"
    "memorysetup-temp-allocator-size-cloud-worker=32768"
    "memorysetup-temp-allocator-size-gi-baking-worker=262144"
    "memorysetup-temp-allocator-size-gfx=262144"
Player connection [1428] Host "[IP] 192.168.1.164 [Port] 0 [Flags] 2 [Guid] 1751072866 [EditorId] 1751072866 [Version] 1048832 [Id] WindowsEditor(7,DESKTOP-UGQ8PJP) [Debug] 1 [PackageName] WindowsEditor [ProjectName] Editor" joined multi-casting on [225.0.0.222:54997]...

Player connection [1428] Host "[IP] 192.168.1.164 [Port] 0 [Flags] 2 [Guid] 1751072866 [EditorId] 1751072866 [Version] 1048832 [Id] WindowsEditor(7,DESKTOP-UGQ8PJP) [Debug] 1 [PackageName] WindowsEditor [ProjectName] Editor" joined alternative multi-casting on [225.0.0.222:34997]...

[Physics::Module] Initialized MultithreadedJobDispatcher with 7 workers.
Refreshing native plugins compatible for Editor in 5.55 ms, found 4 plugins.
Preloading 0 native plugins for Editor in 0.00 ms.
Initialize engine version: 2022.3.20f1 (61c2feb0970d)
[Subsystems] Discovering subsystems at path D:/Unity/2022.3.20f1/Editor/Data/Resources/UnitySubsystems
[Subsystems] Discovering subsystems at path D:/เก็บงาน/project_2D_final/229f-running-to-the-moon-escapefromdungeon/final2D_escapeformdungeon/Assets
GfxDevice: creating device client; threaded=0; jobified=0
Direct3D:
    Version:  Direct3D 11.0 [level 11.1]
    Renderer: NVIDIA GeForce RTX 2060 (ID=0x1f08)
    Vendor:   NVIDIA
    VRAM:     5968 MB
    Driver:   31.0.15.3141
Initialize mono
Mono path[0] = 'D:/Unity/2022.3.20f1/Editor/Data/Managed'
Mono path[1] = 'D:/Unity/2022.3.20f1/Editor/Data/MonoBleedingEdge/lib/mono/unityjit-win32'
Mono config path = 'D:/Unity/2022.3.20f1/Editor/Data/MonoBleedingEdge/etc'
Using monoOptions --debugger-agent=transport=dt_socket,embedding=1,server=y,suspend=n,address=127.0.0.1:56312
Begin MonoManager ReloadAssembly
Registering precompiled unity dll's ...
Register platform support module: D:/Unity/2022.3.20f1/Editor/Data/PlaybackEngines/WebGLSupport/UnityEditor.WebGL.Extensions.dll
Register platform support module: D:/Unity/2022.3.20f1/Editor/Data/PlaybackEngines/WindowsStandaloneSupport/UnityEditor.WindowsStandalone.Extensions.dll
Registered in 0.003319 seconds.
- Loaded All Assemblies, in  0.318 seconds
Native extension for WindowsStandalone target not found
Native extension for WebGL target not found
Mono: successfully reloaded assembly
- Finished resetting the current domain, in  0.279 seconds
Domain Reload Profiling: 597ms
	BeginReloadAssembly (98ms)
		ExecutionOrderSort (0ms)
		DisableScriptedObjects (0ms)
		BackupInstance (0ms)
		ReleaseScriptingObjects (0ms)
		CreateAndSetChildDomain (1ms)
	RebuildCommonClasses (30ms)
	RebuildNativeTypeToScriptingClass (9ms)
	initialDomainReloadingComplete (45ms)
	LoadAllAssembliesAndSetupDomain (135ms)
		LoadAssemblies (98ms)
		RebuildTransferFunctionScriptingTraits (0ms)
		AnalyzeDomain (132ms)
			TypeCache.Refresh (131ms)
				TypeCache.ScanAssembly (119ms)
			ScanForSourceGeneratedMonoScriptInfo (1ms)
			ResolveRequiredComponents (0ms)
	FinalizeReload (280ms)
		ReleaseScriptCaches (0ms)
		RebuildScriptCaches (0ms)
		SetupLoadedEditorAssemblies (224ms)
			LogAssemblyErrors (0ms)
			InitializePlatformSupportModulesInManaged (9ms)
			SetLoadedEditorAssemblies (5ms)
			RefreshPlugins (0ms)
			BeforeProcessingInitializeOnLoad (3ms)
			ProcessInitializeOnLoadAttributes (160ms)
			ProcessInitializeOnLoadMethodAttributes (47ms)
			AfterProcessingInitializeOnLoad (0ms)
			EditorAssembliesLoaded (0ms)
		ExecutionOrderSort2 (0ms)
		AwakeInstancesAfterBackupRestoration (0ms)
========================================================================
Worker process is ready to serve import requests
Begin MonoManager ReloadAssembly
- Loaded All Assemblies, in  0.498 seconds
Refreshing native plugins compatible for Editor in 1.96 ms, found 4 plugins.
Native extension for WindowsStandalone target not found
Native extension for WebGL target not found
Package Manager log level set to [2]
[Package Manager] Server::EnsureServerProcessIsRunning -- launch failed, reason: Unity was launched with the -noUpm command-line argument
[Package Manager] UpmClient::Send -- Unable to send message (not connected to UPM process).
[Package Manager] Cannot connect to Unity Package Manager local server
Mono: successfully reloaded assembly
- Finished resetting the current domain, in  0.491 seconds
Domain Reload Profiling: 990ms
	BeginReloadAssembly (112ms)
		ExecutionOrderSort (0ms)
		DisableScriptedObjects (4ms)
		BackupInstance (0ms)
		ReleaseScriptingObjects (0ms)
		CreateAndSetChildDomain (17ms)
	RebuildCommonClasses (27ms)
	RebuildNativeTypeToScriptingClass (8ms)
	initialDomainReloadingComplete (40ms)
	LoadAllAssembliesAndSetupDomain (310ms)
		LoadAssemblies (232ms)
		RebuildTransferFunctionScriptingTraits (0ms)
		AnalyzeDomain (144ms)
			TypeCache.Refresh (125ms)
				TypeCache.ScanAssembly (112ms)
			ScanForSourceGeneratedMonoScriptInfo (16ms)
			ResolveRequiredComponents (3ms)
	FinalizeReload (492ms)
		ReleaseScriptCaches (0ms)
		RebuildScriptCaches (0ms)
		SetupLoadedEditorAssemblies (361ms)
			LogAssemblyErrors (0ms)
			InitializePlatformSupportModulesInManaged (4ms)
			SetLoadedEditorAssemblies (3ms)
			RefreshPlugins (0ms)
			BeforeProcessingInitializeOnLoad (46ms)
			ProcessInitializeOnLoadAttributes (271ms)
			ProcessInitializeOnLoadMethodAttributes (35ms)
			AfterProcessingInitializeOnLoad (2ms)
			EditorAssembliesLoaded (0ms)
		ExecutionOrderSort2 (0ms)
		AwakeInstancesAfterBackupRestoration (7ms)
Launched and connected shader compiler UnityShaderCompiler.exe after 0.05 seconds
Refreshing native plugins compatible for Editor in 2.80 ms, found 4 plugins.
Preloading 0 native plugins for Editor in 0.00 ms.
Unloading 4032 Unused Serialized files (Serialized files now loaded: 0)
Unloading 70 unused Assets / (244.2 KB). Loaded Objects now: 4487.
Memory consumption went from 144.9 MB to 144.7 MB.
Total: 4.328400 ms (FindLiveObjects: 0.330500 ms CreateObjectMapping: 0.142600 ms MarkObjects: 3.508500 ms  DeleteObjects: 0.344800 ms)

AssetImportParameters requested are different than current active one (requested -> active):
  custom:container-demuxer-ogg: 62fdf1f143b41e24485cea50d1cbac27 -> 
  custom:video-decoder-ogg-theora: a1e56fd34408186e4bbccfd4996cb3dc -> 
  custom:framework-win-MediaFoundation: 216162199b28c13a410421893ffa2e32 -> 
  custom:CustomObjectIndexerAttribute: 6d391050e5a25f67b0a2c618074f2cd9 -> 
  custom:container-demuxer-webm: 4f35f7cbe854078d1ac9338744f61a02 -> 
  custom:container-muxer-webm: aa71ff27fc2769a1b78a27578f13a17b -> 
  custom:video-decoder-webm-vp8: 9c59270c3fd7afecdb556c50c9e8de78 -> 
  custom:SearchIndexIgnoredProperties: e643bd26f0fe6173181afceb89e7c659 -> 
  custom:AudioImporter_EditorPlatform: d09bf68614088b80899f8185d706f6e7 -> 
  custom:video-encoder-webm-vp8: eb34c28f22e8b96e1ab97ce403110664 -> 
  custom:audio-decoder-ogg-vorbis: bf7c407c2cedff20999df2af8eb42d56 -> 
  custom:audio-encoder-webm-vorbis: bf7c407c2cedff20999df2af8eb42d56 -> 
========================================================================
Received Import Request.
  Time since last request: 989379.451394 seconds.
  path: Assets
  artifactKey: Guid(00000000000000001000000000000000) Importer(815301076,1909f56bfc062723c751e8b465ee728b)
Start importing Assets using Guid(00000000000000001000000000000000) Importer(815301076,1909f56bfc062723c751e8b465ee728b)  -> (artifact id: '8a4fe85251aa2e89732c359432baa2c3') in 0.002517 seconds
Number of updated asset objects reloaded before import = 0
Number of asset objects unloaded after import = 0
========================================================================
Received Import Request.
  Time since last request: 10.570552 seconds.
  path: Assets/New Folder
  artifactKey: Guid(f5b98baebcbe50f4d91b1be48ec68c04) Importer(815301076,1909f56bfc062723c751e8b465ee728b)
Start importing Assets/New Folder using Guid(f5b98baebcbe50f4d91b1be48ec68c04) Importer(815301076,1909f56bfc062723c751e8b465ee728b)  -> (artifact id: 'dfb22542bd4383649eb8edc8e8c7fbd4') in 0.000411 seconds
Number of updated asset objects reloaded before import = 0
Number of asset objects unloaded after import = 0
========================================================================
Received Import Request.
  Time since last request: 13.477447 seconds.
  path: Assets/Art
  artifactKey: Guid(f5b98baebcbe50f4d91b1be48ec68c04) Importer(815301076,1909f56bfc062723c751e8b465ee728b)
Start importing Assets/Art using Guid(f5b98baebcbe50f4d91b1be48ec68c04) Importer(815301076,1909f56bfc062723c751e8b465ee728b)  -> (artifact id: '051778dfd259018ba8340cd178c3a8a2') in 0.000443 seconds
Number of updated asset objects reloaded before import = 0
Number of asset objects unloaded after import = 0
========================================================================
Received Import Request.
  Time since last request: 20.008308 seconds.
  path: Assets/Art/character-removebg-preview.png
  artifactKey: Guid(f043cfd7bf6313949b1a1d7bfeb727c2) Importer(815301076,1909f56bfc062723c751e8b465ee728b)
Start importing Assets/Art/character-removebg-preview.png using Guid(f043cfd7bf6313949b1a1d7bfeb727c2) Importer(815301076,1909f56bfc062723c751e8b465ee728b)  -> (artifact id: '38c40d00a7987de3e50f1a92abf15479') in 0.088320 seconds
Number of updated asset objects reloaded before import = 0
Number of asset objects unloaded after import = 3
========================================================================
Received Import Request.
  Time since last request: 1.405271 seconds.
  path: Assets/Art/background_dungeon.jpg
  artifactKey: Guid(7df34f20c97037e468da0d7aa146a6b6) Importer(815301076,1909f56bfc062723c751e8b465ee728b)
Start importing Assets/Art/background_dungeon.jpg using Guid(7df34f20c97037e468da0d7aa146a6b6) Importer(815301076,1909f56bfc062723c751e8b465ee728b)  -> (artifact id: '6cc4cafba455e32732039fb459ca3fe9') in 0.018331 seconds
Number of updated asset objects reloaded before import = 0
Number of asset objects unloaded after import = 3
========================================================================
Received Import Request.
  Time since last request: 3.189766 seconds.
  path: Assets/Art/box_walk.png
  artifactKey: Guid(a2d6781bf17e3644fb54291fa9296f9d) Importer(815301076,1909f56bfc062723c751e8b465ee728b)
Start importing Assets/Art/box_walk.png using Guid(a2d6781bf17e3644fb54291fa9296f9d) Importer(815301076,1909f56bfc062723c751e8b465ee728b)  -> (artifact id: '305089cdbcf2591e6dee582738de163d') in 0.022320 seconds
Number of updated asset objects reloaded before import = 0
Number of asset objects unloaded after import = 3
========================================================================
Received Import Request.
  Time since last request: 2.424080 seconds.
  path: Assets/Art/coin-removebg-preview.png
  artifactKey: Guid(b90a667d0fe1ee6458b7f8c6a694346c) Importer(815301076,1909f56bfc062723c751e8b465ee728b)
Start importing Assets/Art/coin-removebg-preview.png using Guid(b90a667d0fe1ee6458b7f8c6a694346c) Importer(815301076,1909f56bfc062723c751e8b465ee728b)  -> (artifact id: 'b6ec344e44428df5fb2db441691ac293') in 0.016565 seconds
Number of updated asset objects reloaded before import = 0
Number of asset objects unloaded after import = 3
========================================================================
Received Import Request.
  Time since last request: 1.800284 seconds.
  path: Assets/Art/Saw_blade-removebg-preview.png
  artifactKey: Guid(bf7b43f3d24c1f843b3552f1f9ed711d) Importer(815301076,1909f56bfc062723c751e8b465ee728b)
Start importing Assets/Art/Saw_blade-removebg-preview.png using Guid(bf7b43f3d24c1f843b3552f1f9ed711d) Importer(815301076,1909f56bfc062723c751e8b465ee728b)  -> (artifact id: '8013176d2b9958cfa58920497d77eaad') in 0.015009 seconds
Number of updated asset objects reloaded before import = 0
Number of asset objects unloaded after import = 3
========================================================================
Received Import Request.
  Time since last request: 2.539511 seconds.
  path: Assets/Art/wave-removebg-preview.png
  artifactKey: Guid(18904e3fac8dd9b45a8236c4289cf081) Importer(815301076,1909f56bfc062723c751e8b465ee728b)
Start importing Assets/Art/wave-removebg-preview.png using Guid(18904e3fac8dd9b45a8236c4289cf081) Importer(815301076,1909f56bfc062723c751e8b465ee728b)  -> (artifact id: '2831484732a79d11022f8505a9c8bfcf') in 0.015869 seconds
Number of updated asset objects reloaded before import = 0
Number of asset objects unloaded after import = 3
========================================================================
Received Import Request.
  Time since last request: 1787.272489 seconds.
  path: Packages/com.unity.2d.psdimporter/Editor/Assets/pivot.fbx
  artifactKey: Guid(1c7762c9bce5f4ab7b060decb9e3002d) Importer(815301076,1909f56bfc062723c751e8b465ee728b)
Start importing Packages/com.unity.2d.psdimporter/Editor/Assets/pivot.fbx using Guid(1c7762c9bce5f4ab7b060decb9e3002d) Importer(815301076,1909f56bfc062723c751e8b465ee728b)  -> (artifact id: 'f773e0bb67df64967ec60f6651101aea') in 0.264440 seconds
Number of updated asset objects reloaded before import = 0
Number of asset objects unloaded after import = 10
========================================================================
Received Import Request.
  Time since last request: 1788.454594 seconds.
  path: Assets/Art/archer-removebg-preview.png
  artifactKey: Guid(89ca5d98bf3699c49b9375462d77f558) Importer(815301076,1909f56bfc062723c751e8b465ee728b)
Start importing Assets/Art/archer-removebg-preview.png using Guid(89ca5d98bf3699c49b9375462d77f558) Importer(815301076,1909f56bfc062723c751e8b465ee728b)  -> (artifact id: 'd9a5508310fb41e05ba0cb5d6fafcfa2') in 0.064005 seconds
Number of updated asset objects reloaded before import = 0
Number of asset objects unloaded after import = 3
========================================================================
Received Import Request.
  Time since last request: 2.452574 seconds.
  path: Assets/Art/arrow-removebg-preview.png
  artifactKey: Guid(52817a1c6fc67ab44a04a4db1b9ee9cc) Importer(815301076,1909f56bfc062723c751e8b465ee728b)
Start importing Assets/Art/arrow-removebg-preview.png using Guid(52817a1c6fc67ab44a04a4db1b9ee9cc) Importer(815301076,1909f56bfc062723c751e8b465ee728b)  -> (artifact id: '9ef545d9fd697f1bb30216c2a026ed01') in 0.018063 seconds
Number of updated asset objects reloaded before import = 0
Number of asset objects unloaded after import = 3
========================================================================
Received Import Request.
  Time since last request: 390.921673 seconds.
  path: Assets/Art/door_end_game-removebg-preview.png
  artifactKey: Guid(393d1143259663343889d3b05c961476) Importer(815301076,1909f56bfc062723c751e8b465ee728b)
Start importing Assets/Art/door_end_game-removebg-preview.png using Guid(393d1143259663343889d3b05c961476) Importer(815301076,1909f56bfc062723c751e8b465ee728b)  -> (artifact id: '99cc427eefa820b42a725368d7f40e4e') in 0.020004 seconds
Number of updated asset objects reloaded before import = 0
Number of asset objects unloaded after import = 3
